This is pdfTeX, Version 3.14159265-2.6-1.40.17 (MiKTeX 2.9 64-bit) (preloaded format=pdflatex 2017.6.27)  26 JUL 2017 11:54
entering extended mode
**./exploratory.tex
(exploratory.tex
LaTeX2e <2016/03/31> patch level 3
Babel <3.9r> and hyphenation patterns for 75 language(s) loaded.
("C:\Program Files\MiKTeX 2.9\tex\latex\base\article.cls"
Document Class: article 2014/09/29 v1.4h Standard LaTeX document class
("C:\Program Files\MiKTeX 2.9\tex\latex\base\size11.clo"
File: size11.clo 2014/09/29 v1.4h Standard LaTeX file (size option)
)
\c@part=\count79
\c@section=\count80
\c@subsection=\count81
\c@subsubsection=\count82
\c@paragraph=\count83
\c@subparagraph=\count84
\c@figure=\count85
\c@table=\count86
\abovecaptionskip=\skip41
\belowcaptionskip=\skip42
\bibindent=\dimen102
)
("C:\Program Files\MiKTeX 2.9\tex\latex\graphics\graphicx.sty"
Package: graphicx 2014/10/28 v1.0g Enhanced LaTeX Graphics (DPC,SPQR)

("C:\Program Files\MiKTeX 2.9\tex\latex\graphics\keyval.sty"
Package: keyval 2014/10/28 v1.15 key=value parser (DPC)
\KV@toks@=\toks14
)
("C:\Program Files\MiKTeX 2.9\tex\latex\graphics\graphics.sty"
Package: graphics 2016/07/10 v1.0t Standard LaTeX Graphics (DPC,SPQR)

("C:\Program Files\MiKTeX 2.9\tex\latex\graphics\trig.sty"
Package: trig 2016/01/03 v1.10 sin cos tan (DPC)
)
("C:\Program Files\MiKTeX 2.9\tex\latex\00miktex\graphics.cfg"
File: graphics.cfg 2016/06/04 v1.11 sample graphics configuration
)
Package graphics Info: Driver file: pdftex.def on input line 99.

("C:\Program Files\MiKTeX 2.9\tex\latex\graphics-def\pdftex.def"
File: pdftex.def 2016/07/10 v0.06j Graphics/color for pdfTeX

("C:\Program Files\MiKTeX 2.9\tex\generic\oberdiek\infwarerr.sty"
Package: infwarerr 2016/05/16 v1.4 Providing info/warning/error messages (HO)
)
("C:\Program Files\MiKTeX 2.9\tex\generic\oberdiek\ltxcmds.sty"
Package: ltxcmds 2016/05/16 v1.23 LaTeX kernel commands for general use (HO)
)
\Gread@gobject=\count87
))
\Gin@req@height=\dimen103
\Gin@req@width=\dimen104
)
("C:\Program Files\MiKTeX 2.9\tex\latex\graphics\color.sty"
Package: color 2016/07/10 v1.1e Standard LaTeX Color (DPC)

("C:\Program Files\MiKTeX 2.9\tex\latex\00miktex\color.cfg"
File: color.cfg 2016/01/02 v1.6 sample color configuration
)
Package color Info: Driver file: pdftex.def on input line 147.
)
(\\my.files.iastate.edu\Profiles\dcries\AppData\Roaming\MiKTeX\2.9\tex\latex\fr
amed\framed.sty
Package: framed 2011/10/22 v 0.96: framed or shaded text with page breaks
\OuterFrameSep=\skip43
\fb@frw=\dimen105
\fb@frh=\dimen106
\FrameRule=\dimen107
\FrameSep=\dimen108
) ("C:\Program Files\MiKTeX 2.9\tex\latex\base\alltt.sty"
Package: alltt 1997/06/16 v2.0g defines alltt environment
)
("C:\Program Files\MiKTeX 2.9\tex\latex\hyperref\hyperref.sty"
Package: hyperref 2016/06/24 v6.83q Hypertext links for LaTeX

("C:\Program Files\MiKTeX 2.9\tex\generic\oberdiek\hobsub-hyperref.sty"
Package: hobsub-hyperref 2016/05/16 v1.14 Bundle oberdiek, subset hyperref (HO)


("C:\Program Files\MiKTeX 2.9\tex\generic\oberdiek\hobsub-generic.sty"
Package: hobsub-generic 2016/05/16 v1.14 Bundle oberdiek, subset generic (HO)
Package: hobsub 2016/05/16 v1.14 Construct package bundles (HO)
Package hobsub Info: Skipping package `infwarerr' (already loaded).
Package hobsub Info: Skipping package `ltxcmds' (already loaded).
Package: ifluatex 2016/05/16 v1.4 Provides the ifluatex switch (HO)
Package ifluatex Info: LuaTeX not detected.
Package: ifvtex 2016/05/16 v1.6 Detect VTeX and its facilities (HO)
Package ifvtex Info: VTeX not detected.
Package: intcalc 2016/05/16 v1.2 Expandable calculations with integers (HO)
Package: ifpdf 2016/05/14 v3.1 Provides the ifpdf switch
Package: etexcmds 2016/05/16 v1.6 Avoid name clashes with e-TeX commands (HO)
Package etexcmds Info: Could not find \expanded.
(etexcmds)             That can mean that you are not using pdfTeX 1.50 or
(etexcmds)             that some package has redefined \expanded.
(etexcmds)             In the latter case, load this package earlier.
Package: kvsetkeys 2016/05/16 v1.17 Key value parser (HO)
Package: kvdefinekeys 2016/05/16 v1.4 Define keys (HO)
Package: pdftexcmds 2016/05/21 v0.22 Utility functions of pdfTeX for LuaTeX (HO
)
Package pdftexcmds Info: LuaTeX not detected.
Package pdftexcmds Info: \pdf@primitive is available.
Package pdftexcmds Info: \pdf@ifprimitive is available.
Package pdftexcmds Info: \pdfdraftmode found.
Package: pdfescape 2016/05/16 v1.14 Implements pdfTeX's escape features (HO)
Package: bigintcalc 2016/05/16 v1.4 Expandable calculations on big integers (HO
)
Package: bitset 2016/05/16 v1.2 Handle bit-vector datatype (HO)
Package: uniquecounter 2016/05/16 v1.3 Provide unlimited unique counter (HO)
)
Package hobsub Info: Skipping package `hobsub' (already loaded).
Package: letltxmacro 2016/05/16 v1.5 Let assignment for LaTeX macros (HO)
Package: hopatch 2016/05/16 v1.3 Wrapper for package hooks (HO)
Package: xcolor-patch 2016/05/16 xcolor patch
Package: atveryend 2016/05/16 v1.9 Hooks at the very end of document (HO)
Package atveryend Info: \enddocument detected (standard20110627).
Package: atbegshi 2016/06/09 v1.18 At begin shipout hook (HO)
Package: refcount 2016/05/16 v3.5 Data extraction from label references (HO)
Package: hycolor 2016/05/16 v1.8 Color options for hyperref/bookmark (HO)
)
("C:\Program Files\MiKTeX 2.9\tex\generic\ifxetex\ifxetex.sty"
Package: ifxetex 2010/09/12 v0.6 Provides ifxetex conditional
)
("C:\Program Files\MiKTeX 2.9\tex\latex\oberdiek\auxhook.sty"
Package: auxhook 2016/05/16 v1.4 Hooks for auxiliary files (HO)
)
("C:\Program Files\MiKTeX 2.9\tex\latex\oberdiek\kvoptions.sty"
Package: kvoptions 2016/05/16 v3.12 Key value format for package options (HO)
)
\@linkdim=\dimen109
\Hy@linkcounter=\count88
\Hy@pagecounter=\count89

("C:\Program Files\MiKTeX 2.9\tex\latex\hyperref\pd1enc.def"
File: pd1enc.def 2016/06/24 v6.83q Hyperref: PDFDocEncoding definition (HO)
)
\Hy@SavedSpaceFactor=\count90

("C:\Program Files\MiKTeX 2.9\tex\latex\00miktex\hyperref.cfg"
File: hyperref.cfg 2002/06/06 v1.2 hyperref configuration of TeXLive
)
Package hyperref Info: Hyper figures OFF on input line 4486.
Package hyperref Info: Link nesting OFF on input line 4491.
Package hyperref Info: Hyper index ON on input line 4494.
Package hyperref Info: Plain pages OFF on input line 4501.
Package hyperref Info: Backreferencing OFF on input line 4506.
Package hyperref Info: Implicit mode ON; LaTeX internals redefined.
Package hyperref Info: Bookmarks ON on input line 4735.
\c@Hy@tempcnt=\count91

(\\my.files.iastate.edu\Profiles\dcries\AppData\Roaming\MiKTeX\2.9\tex\latex\ur
l\url.sty
\Urlmuskip=\muskip10
Package: url 2013/09/16  ver 3.4  Verb mode for urls, etc.
)
LaTeX Info: Redefining \url on input line 5088.
\XeTeXLinkMargin=\dimen110
\Fld@menulength=\count92
\Field@Width=\dimen111
\Fld@charsize=\dimen112
Package hyperref Info: Hyper figures OFF on input line 6342.
Package hyperref Info: Link nesting OFF on input line 6347.
Package hyperref Info: Hyper index ON on input line 6350.
Package hyperref Info: backreferencing OFF on input line 6357.
Package hyperref Info: Link coloring OFF on input line 6362.
Package hyperref Info: Link coloring with OCG OFF on input line 6367.
Package hyperref Info: PDF/A mode OFF on input line 6372.
LaTeX Info: Redefining \ref on input line 6412.
LaTeX Info: Redefining \pageref on input line 6416.
\Hy@abspage=\count93
\c@Item=\count94
\c@Hfootnote=\count95
)

Package hyperref Message: Driver (autodetected): hpdftex.

("C:\Program Files\MiKTeX 2.9\tex\latex\hyperref\hpdftex.def"
File: hpdftex.def 2016/06/24 v6.83q Hyperref driver for pdfTeX
\Fld@listcount=\count96
\c@bookmark@seq@number=\count97

("C:\Program Files\MiKTeX 2.9\tex\latex\oberdiek\rerunfilecheck.sty"
Package: rerunfilecheck 2016/05/16 v1.8 Rerun checks for auxiliary files (HO)
Package uniquecounter Info: New unique counter `rerunfilecheck' on input line 2
82.
)
\Hy@SectionHShift=\skip44
)
(\\my.files.iastate.edu\Profiles\dcries\AppData\Roaming\MiKTeX\2.9\tex\latex\la
stpage\lastpage.sty
Package: lastpage 2015/03/29 v1.2m Refers to last page's name (HMM; JPG)
)
(\\my.files.iastate.edu\Profiles\dcries\AppData\Roaming\MiKTeX\2.9\tex\latex\fa
ncyhdr\fancyhdr.sty
\fancy@headwidth=\skip45
\f@ncyO@elh=\skip46
\f@ncyO@erh=\skip47
\f@ncyO@olh=\skip48
\f@ncyO@orh=\skip49
\f@ncyO@elf=\skip50
\f@ncyO@erf=\skip51
\f@ncyO@olf=\skip52
\f@ncyO@orf=\skip53
) ("C:\Program Files\MiKTeX 2.9\tex\latex\tools\multicol.sty"
Package: multicol 2016/04/07 v1.8p multicolumn formatting (FMi)
\c@tracingmulticols=\count98
\mult@box=\box26
\multicol@leftmargin=\dimen113
\c@unbalance=\count99
\c@collectmore=\count100
\doublecol@number=\count101
\multicoltolerance=\count102
\multicolpretolerance=\count103
\full@width=\dimen114
\page@free=\dimen115
\premulticols=\dimen116
\postmulticols=\dimen117
\multicolsep=\skip54
\multicolbaselineskip=\skip55
\partial@page=\box27
\last@line=\box28
\maxbalancingoverflow=\dimen118
\mult@rightbox=\box29
\mult@grightbox=\box30
\mult@gfirstbox=\box31
\mult@firstbox=\box32
\@tempa=\box33
\@tempa=\box34
\@tempa=\box35
\@tempa=\box36
\@tempa=\box37
\@tempa=\box38
\@tempa=\box39
\@tempa=\box40
\@tempa=\box41
\@tempa=\box42
\@tempa=\box43
\@tempa=\box44
\@tempa=\box45
\@tempa=\box46
\@tempa=\box47
\@tempa=\box48
\@tempa=\box49
\c@columnbadness=\count104
\c@finalcolumnbadness=\count105
\last@try=\dimen119
\multicolovershoot=\dimen120
\multicolundershoot=\dimen121
\mult@nat@firstbox=\box50
\colbreak@box=\box51
\mc@col@check@num=\count106
)
(\\my.files.iastate.edu\Profiles\dcries\AppData\Roaming\MiKTeX\2.9\tex\latex\ca
ption\caption.sty
Package: caption 2016/02/21 v3.3-144 Customizing captions (AR)

(\\my.files.iastate.edu\Profiles\dcries\AppData\Roaming\MiKTeX\2.9\tex\latex\ca
ption\caption3.sty
Package: caption3 2016/05/22 v1.7-166 caption3 kernel (AR)
Package caption3 Info: TeX engine: e-TeX on input line 67.
\captionmargin=\dimen122
\captionmargin@=\dimen123
\captionwidth=\dimen124
\caption@tempdima=\dimen125
\caption@indent=\dimen126
\caption@parindent=\dimen127
\caption@hangindent=\dimen128
)
\c@ContinuedFloat=\count107
Package caption Info: hyperref package is loaded.
)
(\\my.files.iastate.edu\Profiles\dcries\AppData\Roaming\MiKTeX\2.9\tex\latex\ca
ption\subcaption.sty
Package: subcaption 2016/05/22 v1.1-161 Sub-captions (AR)
\c@subfigure=\count108
\c@subtable=\count109
) ("C:\Program Files\MiKTeX 2.9\tex\latex\tools\tabularx.sty"
Package: tabularx 2016/02/03 v2.11 `tabularx' package (DPC)
 ("C:\Program Files\MiKTeX 2.9\tex\latex\tools\array.sty"
Package: array 2014/10/28 v2.4c Tabular extension package (FMi)
\col@sep=\dimen129
\extrarowheight=\dimen130
\NC@list=\toks15
\extratabsurround=\skip56
\backup@length=\skip57
)
\TX@col@width=\dimen131
\TX@old@table=\dimen132
\TX@old@col=\dimen133
\TX@target=\dimen134
\TX@delta=\dimen135
\TX@cols=\count110
\TX@ftn=\toks16
)
("C:\Program Files\MiKTeX 2.9\tex\latex\amsmath\amsmath.sty"
Package: amsmath 2016/06/28 v2.15d AMS math features
\@mathmargin=\skip58

For additional information on amsmath, use the `?' option.
("C:\Program Files\MiKTeX 2.9\tex\latex\amsmath\amstext.sty"
Package: amstext 2000/06/29 v2.01 AMS text

("C:\Program Files\MiKTeX 2.9\tex\latex\amsmath\amsgen.sty"
File: amsgen.sty 1999/11/30 v2.0 generic functions
\@emptytoks=\toks17
\ex@=\dimen136
))
("C:\Program Files\MiKTeX 2.9\tex\latex\amsmath\amsbsy.sty"
Package: amsbsy 1999/11/29 v1.2d Bold Symbols
\pmbraise@=\dimen137
)
("C:\Program Files\MiKTeX 2.9\tex\latex\amsmath\amsopn.sty"
Package: amsopn 2016/03/08 v2.02 operator names
)
\inf@bad=\count111
LaTeX Info: Redefining \frac on input line 199.
\uproot@=\count112
\leftroot@=\count113
LaTeX Info: Redefining \overline on input line 297.
\classnum@=\count114
\DOTSCASE@=\count115
LaTeX Info: Redefining \ldots on input line 394.
LaTeX Info: Redefining \dots on input line 397.
LaTeX Info: Redefining \cdots on input line 518.
\Mathstrutbox@=\box52
\strutbox@=\box53
\big@size=\dimen138
LaTeX Font Info:    Redeclaring font encoding OML on input line 634.
LaTeX Font Info:    Redeclaring font encoding OMS on input line 635.
\macc@depth=\count116
\c@MaxMatrixCols=\count117
\dotsspace@=\muskip11
\c@parentequation=\count118
\dspbrk@lvl=\count119
\tag@help=\toks18
\row@=\count120
\column@=\count121
\maxfields@=\count122
\andhelp@=\toks19
\eqnshift@=\dimen139
\alignsep@=\dimen140
\tagshift@=\dimen141
\tagwidth@=\dimen142
\totwidth@=\dimen143
\lineht@=\dimen144
\@envbody=\toks20
\multlinegap=\skip59
\multlinetaggap=\skip60
\mathdisplay@stack=\toks21
LaTeX Info: Redefining \[ on input line 2739.
LaTeX Info: Redefining \] on input line 2740.
)
("C:\Program Files\MiKTeX 2.9\tex\latex\float\float.sty"
Package: float 2001/11/08 v1.3d Float enhancements (AL)
\c@float@type=\count123
\float@exts=\toks22
\float@box=\box54
\@float@everytoks=\toks23
\@floatcapt=\box55
)
("C:\Program Files\MiKTeX 2.9\tex\latex\geometry\geometry.sty"
Package: geometry 2010/09/12 v5.6 Page Geometry
\Gm@cnth=\count124
\Gm@cntv=\count125
\c@Gm@tempcnt=\count126
\Gm@bindingoffset=\dimen145
\Gm@wd@mp=\dimen146
\Gm@odd@mp=\dimen147
\Gm@even@mp=\dimen148
\Gm@layoutwidth=\dimen149
\Gm@layoutheight=\dimen150
\Gm@layouthoffset=\dimen151
\Gm@layoutvoffset=\dimen152
\Gm@dimlist=\toks24

("C:\Program Files\MiKTeX 2.9\tex\latex\geometry\geometry.cfg"))
("C:\Program Files\MiKTeX 2.9\tex\latex\oberdiek\pdflscape.sty"
Package: pdflscape 2016/05/14 v0.11 Display of landscape pages in PDF (HO)

("C:\Program Files\MiKTeX 2.9\tex\latex\graphics\lscape.sty"
Package: lscape 2000/10/22 v3.01 Landscape Pages (DPC)
)
Package pdflscape Info: Auto-detected driver: pdftex on input line 81.
)
(\\my.files.iastate.edu\Profiles\dcries\AppData\Roaming\MiKTeX\2.9\tex\latex\na
tbib\natbib.sty
Package: natbib 2010/09/13 8.31b (PWD, AO)
\bibhang=\skip61
\bibsep=\skip62
LaTeX Info: Redefining \cite on input line 694.
\c@NAT@ctr=\count127
)
(\\my.files.iastate.edu\Profiles\dcries\AppData\Roaming\MiKTeX\2.9\tex\latex\up
quote\upquote.sty
Package: upquote 2012/04/19 v1.3 upright-quote and grave-accent glyphs in verba
tim
)
(\\my.files.iastate.edu\Profiles\dcries\AppData\Roaming\MiKTeX\2.9\tex\latex\se
tspace\setspace.sty
Package: setspace 2011/12/19 v6.7a set line spacing
) (exploratory.aux)
\openout1 = `exploratory.aux'.

LaTeX Font Info:    Checking defaults for OML/cmm/m/it on input line 82.
LaTeX Font Info:    ... okay on input line 82.
LaTeX Font Info:    Checking defaults for T1/cmr/m/n on input line 82.
LaTeX Font Info:    ... okay on input line 82.
LaTeX Font Info:    Checking defaults for OT1/cmr/m/n on input line 82.
LaTeX Font Info:    ... okay on input line 82.
LaTeX Font Info:    Checking defaults for OMS/cmsy/m/n on input line 82.
LaTeX Font Info:    ... okay on input line 82.
LaTeX Font Info:    Checking defaults for OMX/cmex/m/n on input line 82.
LaTeX Font Info:    ... okay on input line 82.
LaTeX Font Info:    Checking defaults for U/cmr/m/n on input line 82.
LaTeX Font Info:    ... okay on input line 82.
LaTeX Font Info:    Checking defaults for PD1/pdf/m/n on input line 82.
LaTeX Font Info:    ... okay on input line 82.

(\\my.files.iastate.edu\Profiles\dcries\AppData\Roaming\MiKTeX\2.9\tex\context\
base\supp-pdf.mkii
[Loading MPS to PDF converter (version 2006.09.02).]
\scratchcounter=\count128
\scratchdimen=\dimen153
\scratchbox=\box56
\nofMPsegments=\count129
\nofMParguments=\count130
\everyMPshowfont=\toks25
\MPscratchCnt=\count131
\MPscratchDim=\dimen154
\MPnumerator=\count132
\makeMPintoPDFobject=\count133
\everyMPtoPDFconversion=\toks26
) ("C:\Program Files\MiKTeX 2.9\tex\latex\oberdiek\epstopdf-base.sty"
Package: epstopdf-base 2016/05/15 v2.6 Base part for package epstopdf

("C:\Program Files\MiKTeX 2.9\tex\latex\oberdiek\grfext.sty"
Package: grfext 2016/05/16 v1.2 Manage graphics extensions (HO)
)
Package epstopdf-base Info: Redefining graphics rule for `.eps' on input line 4
38.
Package grfext Info: Graphics extension search list:
(grfext)             [.png,.pdf,.jpg,.mps,.jpeg,.jbig2,.jb2,.PNG,.PDF,.JPG,.JPE
G,.JBIG2,.JB2,.eps]
(grfext)             \AppendGraphicsExtensions on input line 456.
)
\AtBeginShipoutBox=\box57
Package hyperref Info: Link coloring OFF on input line 82.

("C:\Program Files\MiKTeX 2.9\tex\latex\hyperref\nameref.sty"
Package: nameref 2016/05/21 v2.44 Cross-referencing by name of section

("C:\Program Files\MiKTeX 2.9\tex\generic\oberdiek\gettitlestring.sty"
Package: gettitlestring 2016/05/16 v1.5 Cleanup title references (HO)
)
\c@section@level=\count134
)
LaTeX Info: Redefining \ref on input line 82.
LaTeX Info: Redefining \pageref on input line 82.
LaTeX Info: Redefining \nameref on input line 82.

(exploratory.out) (exploratory.out)
\@outlinefile=\write3
\openout3 = `exploratory.out'.

Package lastpage Info: Please have a look at the pageslts package at
(lastpage)             https://www.ctan.org/pkg/pageslts
(lastpage)             ! on input line 82.
Package caption Info: Begin \AtBeginDocument code.
Package caption Info: float package is loaded.
Package caption Info: End \AtBeginDocument code.

*geometry* driver: auto-detecting
*geometry* detected driver: pdftex
*geometry* verbose mode - [ preamble ] result:
* driver: pdftex
* paper: <default>
* layout: <same size as paper>
* layoutoffset:(h,v)=(0.0pt,0.0pt)
* modes: 
* h-part:(L,W,R)=(92.14519pt, 430.00462pt, 92.14519pt)
* v-part:(T,H,B)=(95.39737pt, 556.47656pt, 143.09605pt)
* \paperwidth=614.295pt
* \paperheight=794.96999pt
* \textwidth=472.03111pt
* \textheight=681.15904pt
* \oddsidemargin=-1.13791pt
* \evensidemargin=-1.13791pt
* \topmargin=-42.67912pt
* \headheight=12.0pt
* \headsep=25.0pt
* \topskip=11.0pt
* \footskip=30.0pt
* \marginparwidth=59.0pt
* \marginparsep=10.0pt
* \columnsep=10.0pt
* \skip\footins=10.0pt plus 4.0pt minus 2.0pt
* \hoffset=0.0pt
* \voffset=0.0pt
* \mag=1000
* \@twocolumnfalse
* \@twosidefalse
* \@mparswitchfalse
* \@reversemarginfalse
* (1in=72.27pt=25.4mm, 1cm=28.453pt)

! Undefined control sequence.
l.83 \SweaveOpts
                {concordance=TRUE}
The control sequence at the end of the top line
of your error message was never \def'ed. If you have
misspelled it (e.g., `\hobx'), type `I' and the correct
spelling (e.g., `I\hbox'). Otherwise just continue,
and I'll forget about whatever was undefined.

Package color Info: Redefining color shadecolor on input line 86.
Package color Info: Redefining color shadecolor on input line 94.
LaTeX Font Info:    Font shape `OT1/cmtt/bx/n' in size <10.95> not available
(Font)              Font shape `OT1/cmtt/m/n' tried instead on input line 96.
Package color Info: Redefining color shadecolor on input line 117.

Overfull \hbox (51.09947pt too wide) in paragraph at lines 120--120
[][]\OT1/cmtt/m/n/10.95 nhanes[] []%>%[] []group_by[][](rep)[] []%>%[] []summar
ise[][]([][]m[][]=[][]mean[][](modvigmin),[][]s[][]=[][]sd[][](modmin)[][]/[][]
sqrt[][]([][]length[][](modmin)))[][] 
 []

Missing character: There is no × in font cmtt10!

Overfull \hbox (68.34554pt too wide) in paragraph at lines 136--136
[][]\OT1/cmtt/m/n/10.95 nhanes[] []%>%[] []group_by[][](rep)[] []%>%[] []summar
ise[][]([][]m[][]=[][]mean[][](lightmin),[][]s[][]=[][]sd[][](lightmin)[][]/[][
]sqrt[][]([][]length[][](lightmin)))[][] 
 []

Missing character: There is no × in font cmtt10!

Overfull \hbox (45.35078pt too wide) in paragraph at lines 152--152
[][]\OT1/cmtt/m/n/10.95 nhanes[] []%>%[] []group_by[][](rep)[] []%>%[] []summar
ise[][]([][]m[][]=[][]mean[][](vigmin),[][]s[][]=[][]sd[][](vigmin)[][]/[][]sqr
t[][]([][]length[][](lightmin)))[][] 
 []

Missing character: There is no × in font cmtt10!

Overfull \hbox (87.49265pt too wide) in paragraph at lines 167--167
[][]\OT1/cmtt/m/n/10.95 anova[][]([][]lm[][](modvigmin[][]~[][]as.factor[][](re
p),[][]data[][]=[][]subset[][](nhanes,rep[][]<[][]6[][])))[] []\OT1/cmtt/m/it/1
0.95 #first 5 days are similar, last two[][] 
 []

[1

{C:/ProgramData/MiKTeX/2.9/pdftex/config/pdftex.map}] [2]
Package color Info: Redefining color shadecolor on input line 181.

Overfull \hbox (85.5916pt too wide) in paragraph at lines 184--184
[][]\OT1/cmtt/m/n/10.95 nhanes[] []%>%[] []group_by[][](dow)[] []%>%[] []summar
ise[][]([][]m[][]=[][]mean[][](modvigmin),[][]s[][]=[][]sd[][](modvigmin)[][]/[
][]sqrt[][]([][]length[][](modvigmin)))[][] 
 []

Missing character: There is no × in font cmtt10!

Overfull \hbox (68.34554pt too wide) in paragraph at lines 200--200
[][]\OT1/cmtt/m/n/10.95 nhanes[] []%>%[] []group_by[][](dow)[] []%>%[] []summar
ise[][]([][]m[][]=[][]mean[][](lightmin),[][]s[][]=[][]sd[][](lightmin)[][]/[][
]sqrt[][]([][]length[][](lightmin)))[][] 
 []

Missing character: There is no × in font cmtt10!

Overfull \hbox (45.35078pt too wide) in paragraph at lines 216--216
[][]\OT1/cmtt/m/n/10.95 nhanes[] []%>%[] []group_by[][](dow)[] []%>%[] []summar
ise[][]([][]m[][]=[][]mean[][](vigmin),[][]s[][]=[][]sd[][](vigmin)[][]/[][]sqr
t[][]([][]length[][](lightmin)))[][] 
 []

Missing character: There is no × in font cmtt10!

Overfull \hbox (1.26233pt too wide) in paragraph at lines 231--231
[][]\OT1/cmtt/m/n/10.95 anova[][]([][]lm[][](modvigmin[][]~[][]as.factor[][](do
w),[][]data[][]=[][]subset[][](nhanes,dow[][]%in%[][]c[][]([][]2[][]:[][]6[][])
)))[] []\OT1/cmtt/m/it/10.95 #M-F similar[][] 
 []

[3]
Package color Info: Redefining color shadecolor on input line 246.
 [4]
Package color Info: Redefining color shadecolor on input line 291.

Overfull \hbox (53.00052pt too wide) in paragraph at lines 295--295
[][]\OT1/cmtt/m/it/10.95 #m1 <- lme(modvigmin~1,data=nhanes,random=~1|id,correl
ation=corAR1(form=~1|id),method="ML")[][] 
 []


Overfull \hbox (28.10472pt too wide) in paragraph at lines 296--296
[][]\OT1/cmtt/m/n/10.95 m1[] []<-[] []lme[][](modvigmin[][]~[][]as.factor[][](r
ep)[][]+[][]as.factor[][](dow),[][]data[][]=nhanes,[][]random[][]=[][]~[][]1[][
]|[][]id,[][]method[][]=[][]"ML"[][])[][] 
 []


Overfull \hbox (269.5496pt too wide) in paragraph at lines 300--300
[][]\OT1/cmtt/m/n/10.95 eht[] []<-[] []nhanes[] []%>%[] []group_by[][](id)[] []
%>%[] []summarise[][]([][]e1[][]=error[[][]1[][]],[][]e2[][]=error[[][]2[][]],[
][]e3[][]=error[[][]3[][]],[][]e4[][]=error[[][]4[][]],[][]e5[][]=error[[][]5[]
[]],[][]e6[][]=error[[][]6[][]],[][]e7[][]=error[[][]7[][]])[][] 
 []

LaTeX Font Info:    Try loading font information for OMS+cmtt on input line 304
.
(C:/PROGRA~1/R/R-33~1.2/share/texmf/tex/latex\omscmtt.fd
File: omscmtt.fd 
)
LaTeX Font Info:    Font shape `OMS/cmtt/m/it' in size <10.95> not available
(Font)              Font shape `OMS/cmsy/m/n' tried instead on input line 304.

Overfull \hbox (160.32454pt too wide) in paragraph at lines 310--310
[][]\OT1/cmtt/m/n/10.95 o1a[] []=[] []c[][](eht[][]$[][]e1[nrep[] []>[] []1[][]
],eht[][]$[][]e2[nrep[] []>[] []2[][]],eht[][]$[][]e3[nrep[] []>[] []3[][]],eht
[][]$[][]e4[nrep[] []>[] []4[][]],eht[][]$[][]e5[nrep[] []>[] []5[][]],eht[][]$
[][]e6[nrep[] []>[] []6[][]])[][] 
 []


Overfull \hbox (160.32454pt too wide) in paragraph at lines 311--311
[][]\OT1/cmtt/m/n/10.95 o1b[] []=[] []c[][](eht[][]$[][]e2[nrep[] []>[] []1[][]
],eht[][]$[][]e3[nrep[] []>[] []2[][]],eht[][]$[][]e4[nrep[] []>[] []3[][]],eht
[][]$[][]e5[nrep[] []>[] []4[][]],eht[][]$[][]e6[nrep[] []>[] []5[][]],eht[][]$
[][]e7[nrep[] []>[] []6[][]])[][] 
 []


Overfull \hbox (62.59685pt too wide) in paragraph at lines 319--319
[][]\OT1/cmtt/m/n/10.95 o2a[] []=[] []c[][](eht[][]$[][]e1[nrep[] []>[] []2[][]
],eht[][]$[][]e2[nrep[] []>[] []3[][]],eht[][]$[][]e3[nrep[] []>[] []4[][]],eht
[][]$[][]e4[nrep[] []>[] []5[][]],eht[][]$[][]e5[nrep[] []>[] []6[][]])[][] 
 []


Overfull \hbox (62.59685pt too wide) in paragraph at lines 320--320
[][]\OT1/cmtt/m/n/10.95 o2b[] []=[] []c[][](eht[][]$[][]e3[nrep[] []>[] []2[][]
],eht[][]$[][]e4[nrep[] []>[] []3[][]],eht[][]$[][]e5[nrep[] []>[] []4[][]],eht
[][]$[][]e6[nrep[] []>[] []5[][]],eht[][]$[][]e7[nrep[] []>[] []6[][]])[][] 
 []

[5] [6]
Package color Info: Redefining color shadecolor on input line 358.
 <figure/c7-1.pdf, id=32, 505.89pt x 505.89pt>
File: figure/c7-1.pdf Graphic file (type pdf)
 <use figure/c7-1.pdf>
Package pdftex.def Info: figure/c7-1.pdf used on input line 359.
(pdftex.def)             Requested size: 472.03111pt x 472.03983pt.
Package color Info: Redefining color shadecolor on input line 365.

[7 <./figure/c7-1.pdf>]
Overfull \hbox (28.10472pt too wide) in paragraph at lines 368--368
[][]\OT1/cmtt/m/n/10.95 a[] []<-[] []nhanes[] []%>%[] []group_by[][](id)[] []%>
%[] []summarise[][]([][]modvig[][]=[][]mean[][](modvigmin),[][]light[][]=[][]me
an[][](lightmin))[][] 
 []

[8]
Underfull \vbox (badness 10000) detected at line 507
 []


Underfull \vbox (badness 10000) detected at line 507
 []

[9]
Underfull \vbox (badness 10000) detected at line 507
 []

[10]
Underfull \vbox (badness 10000) detected at line 507
 []


Underfull \vbox (badness 10000) detected at line 507
 []

[11]
Package color Info: Redefining color shadecolor on input line 511.
 <figure/c9-1.pdf, id=60, 505.89pt x 505.89pt>
File: figure/c9-1.pdf Graphic file (type pdf)
 <use figure/c9-1.pdf>
Package pdftex.def Info: figure/c9-1.pdf used on input line 519.
(pdftex.def)             Requested size: 472.03111pt x 472.03983pt.
Package color Info: Redefining color shadecolor on input line 524.

[12] <figure/c10-1.pdf, id=65, 505.89pt x 289.08pt>
File: figure/c10-1.pdf Graphic file (type pdf)
 <use figure/c10-1.pdf>
Package pdftex.def Info: figure/c10-1.pdf used on input line 528.
(pdftex.def)             Requested size: 472.03111pt x 269.73705pt.
Package color Info: Redefining color shadecolor on input line 533.

[13 <./figure/c9-1.pdf>] [14 <./figure/c10-1.pdf>] [15]
Package color Info: Redefining color shadecolor on input line 608.

Overfull \hbox (685.35617pt too wide) in paragraph at lines 631--631
[][]\OT1/cmtt/m/n/10.95 length[][]([][]unique[][](meas7[][]$[][]id[[][]complete
.cases[][](meas7[,[][]c[][]([][]"smplwt"[][],[][]"sex"[][],[][]"age"[][],[][]"r
ace"[][],[][]"rep"[][],[][]"dow"[][],[][]"wearmin"[][],[][]"modvigmin"[][],[][]
"modvigminb"[][],[][]"modvigbouts"[][],[][]"glu"[][],[][]"waist"[][],[][]"tri"[
][],[][]"ldl"[][],[][]"hdl"[][],[][]"bps"[][],[][]"bpd"[][])])]))[] []\OT1/cmtt
/m/it/10.95 #with bpmed 405[][] 
 []


Overfull \hbox (631.71693pt too wide) in paragraph at lines 639--639
[][]\OT1/cmtt/m/n/10.95 id7complete[] []<-[] []unique[][](meas7[][]$[][]id[[][]
complete.cases[][](meas7[,[][]c[][]([][]"smplwt"[][],[][]"sex"[][],[][]"age"[][
],[][]"race"[][],[][]"rep"[][],[][]"dow"[][],[][]"wearmin"[][],[][]"modvigmin"[
][],[][]"modvigminb"[][],[][]"modvigbouts"[][],[][]"glu"[][],[][]"waist"[][],[]
[]"tri"[][],[][]"ldl"[][],[][]"hdl"[][],[][]"bps"[][],[][]"bpd"[][])])])[][] 
 []


Overfull \hbox (41.50314pt too wide) in paragraph at lines 641--641
[][]\OT1/cmtt/m/n/10.95 meas67[] []<-[] []subset[][](nhanes, id[] []%in%[] []un
ique[][](id)[nrep[][]>=[][]6[][]][] []&[] []rep[] []<=[] []6[][])[] []\OT1/cmtt
/m/it/10.95 #individuals with 6 days[][] 
 []


Overfull \hbox (696.85355pt too wide) in paragraph at lines 642--642
[][]\OT1/cmtt/m/n/10.95 length[][]([][]unique[][](meas67[][]$[][]id[[][]complet
e.cases[][](meas67[,[][]c[][]([][]"smplwt"[][],[][]"sex"[][],[][]"age"[][],[][]
"race"[][],[][]"rep"[][],[][]"dow"[][],[][]"wearmin"[][],[][]"modvigmin"[][],[]
[]"modvigminb"[][],[][]"modvigbouts"[][],[][]"glu"[][],[][]"waist"[][],[][]"tri
"[][],[][]"ldl"[][],[][]"hdl"[][],[][]"bps"[][],[][]"bpd"[][])])]))[] []\OT1/cm
tt/m/it/10.95 #with bpmed 638[][] 
 []


Overfull \hbox (41.50314pt too wide) in paragraph at lines 648--648
[][]\OT1/cmtt/m/n/10.95 meas57[] []<-[] []subset[][](nhanes, id[] []%in%[] []un
ique[][](id)[nrep[][]>=[][]5[][]][] []&[] []rep[] []<=[] []5[][])[] []\OT1/cmtt
/m/it/10.95 #individuals with 6 days[][] 
 []


Overfull \hbox (765.8378pt too wide) in paragraph at lines 649--649
[][]\OT1/cmtt/m/n/10.95 length[][]([][]unique[][](meas57[][]$[][]id[[][]complet
e.cases[][](meas57[,[][]c[][]([][]"smplwt"[][],[][]"sex"[][],[][]"age"[][],[][]
"race"[][],[][]"rep"[][],[][]"dow"[][],[][]"wearmin"[][],[][]"modvigmin"[][],[]
[]"modvigminb"[][],[][]"modvigbouts"[][],[][]"glu"[][],[][]"waist"[][],[][]"tri
"[][],[][]"ldl"[][],[][]"hdl"[][],[][]"bps"[][],[][]"bpd"[][])])]))[] []\OT1/cm
tt/m/it/10.95 #with bpmed 803, 348 estv02[][] 
 []


Overfull \hbox (648.963pt too wide) in paragraph at lines 655--655
[][]\OT1/cmtt/m/n/10.95 id57complete[] []<-[] []unique[][](meas57[][]$[][]id[[]
[]complete.cases[][](meas57[,[][]c[][]([][]"smplwt"[][],[][]"sex"[][],[][]"age"
[][],[][]"race"[][],[][]"rep"[][],[][]"dow"[][],[][]"wearmin"[][],[][]"modvigmi
n"[][],[][]"modvigminb"[][],[][]"modvigbouts"[][],[][]"glu"[][],[][]"waist"[][]
,[][]"tri"[][],[][]"ldl"[][],[][]"hdl"[][],[][]"bps"[][],[][]"bpd"[][])])])[][]
 
 []

[16]
Package color Info: Redefining color shadecolor on input line 677.
 [17] [18] [19]
Package color Info: Redefining color shadecolor on input line 777.

Overfull \hbox (160.32454pt too wide) in paragraph at lines 779--779
[][]\OT1/cmtt/m/n/10.95 m1a[] []<-[] []gls[][](modvigmin[][]~[][]as.factor[][](
dow)[][]+[][]as.factor[][](rep),[][]data[][]=meas7,[][]correlation[][]=[][]corC
ompSymm[][]([][]form[][]=[][]~[][]1[][]|[][]id),[][]method[][]=[][]"ML"[][])[][
] 
 []


Overfull \hbox (131.5811pt too wide) in paragraph at lines 780--780
[][]\OT1/cmtt/m/n/10.95 m2a[] []<-[] []gls[][](modvigmin[][]~[][]as.factor[][](
dow)[][]+[][]as.factor[][](rep),[][]data[][]=meas7,[][]correlation[][]=[][]corA
R1[][]([][]form[][]=[][]~[][]1[][]|[][]id),[][]method[][]=[][]"ML"[][])[][] 
 []


Overfull \hbox (183.31929pt too wide) in paragraph at lines 781--781
[][]\OT1/cmtt/m/n/10.95 m3a[] []<-[] []gls[][](modvigmin[][]~[][]as.factor[][](
dow)[][]+[][]as.factor[][](rep),[][]data[][]=meas7,[][]correlation[][]=[][]corA
RMA[][]([][]form[][]=[][]~[][]1[][]|[][]id,[][]p[][]=[][]1[][],[][]q[][]=[][]1[
][]),[][]method[][]=[][]"ML"[][])[][] 
 []


Overfull \hbox (183.31929pt too wide) in paragraph at lines 782--782
[][]\OT1/cmtt/m/n/10.95 m4a[] []<-[] []gls[][](modvigmin[][]~[][]as.factor[][](
dow)[][]+[][]as.factor[][](rep),[][]data[][]=meas7,[][]correlation[][]=[][]corA
RMA[][]([][]form[][]=[][]~[][]1[][]|[][]id,[][]p[][]=[][]2[][],[][]q[][]=[][]0[
][]),[][]method[][]=[][]"ML"[][])[][] 
 []


Overfull \hbox (183.31929pt too wide) in paragraph at lines 783--783
[][]\OT1/cmtt/m/n/10.95 m6a[] []<-[] []gls[][](modvigmin[][]~[][]as.factor[][](
dow)[][]+[][]as.factor[][](rep),[][]data[][]=meas7,[][]correlation[][]=[][]corA
RMA[][]([][]form[][]=[][]~[][]1[][]|[][]id,[][]p[][]=[][]2[][],[][]q[][]=[][]1[
][]),[][]method[][]=[][]"ML"[][])[][] 
 []


Overfull \hbox (137.32979pt too wide) in paragraph at lines 784--784
[][]\OT1/cmtt/m/n/10.95 m7a[] []<-[] []gls[][](modvigmin[][]~[][]as.factor[][](
dow)[][]+[][]as.factor[][](rep),[][]data[][]=meas7,[][]correlation[][]=[][]corS
ymm[][]([][]form[][]=[][]~[][]1[][]|[][]id),[][]method[][]=[][]"ML"[][])[][] 
 []


Overfull \hbox (332.78517pt too wide) in paragraph at lines 785--785
[][]\OT1/cmtt/m/n/10.95 m8a[] []<-[] []gls[][](modvigmin[][]~[][]as.factor[][](
dow)[][]+[][]as.factor[][](rep),[][]data[][]=meas7,[][]correlation[][]=[][]corS
ymm[][]([][]form[][]=[][]~[][]1[][]|[][]id),[][]weight[] []=[] []varIdent[][]([
][]form[] []=[] []~[] []1[][]|[][]rep),[][]method[][]=[][]"ML"[][])[][] 
 []

[20] [21]
Package color Info: Redefining color shadecolor on input line 864.

Overfull \hbox (183.31929pt too wide) in paragraph at lines 868--868
[][]\OT1/cmtt/m/n/10.95 m1b[] []<-[] []gls[][](modvigmin[][]~[][]as.factor[][](
dow)[][]+[][]as.factor[][](rep),[][]data[][]=meas57sub,[][]correlation[][]=[][]
corCompSymm[][]([][]form[][]=[][]~[][]1[][]|[][]id),[][]method[][]=[][]"ML"[][]
)[][] 
 []


Overfull \hbox (154.57585pt too wide) in paragraph at lines 869--869
[][]\OT1/cmtt/m/n/10.95 m2b[] []<-[] []gls[][](modvigmin[][]~[][]as.factor[][](
dow)[][]+[][]as.factor[][](rep),[][]data[][]=meas57sub,[][]correlation[][]=[][]
corAR1[][]([][]form[][]=[][]~[][]1[][]|[][]id),[][]method[][]=[][]"ML"[][])[][]
 
 []


Overfull \hbox (206.31404pt too wide) in paragraph at lines 870--870
[][]\OT1/cmtt/m/n/10.95 m3b[] []<-[] []gls[][](modvigmin[][]~[][]as.factor[][](
dow)[][]+[][]as.factor[][](rep),[][]data[][]=meas57sub,[][]correlation[][]=[][]
corARMA[][]([][]form[][]=[][]~[][]1[][]|[][]id,[][]p[][]=[][]1[][],[][]q[][]=[]
[]1[][]),[][]method[][]=[][]"ML"[][])[][] 
 []


Overfull \hbox (206.31404pt too wide) in paragraph at lines 871--871
[][]\OT1/cmtt/m/n/10.95 m4b[] []<-[] []gls[][](modvigmin[][]~[][]as.factor[][](
dow)[][]+[][]as.factor[][](rep),[][]data[][]=meas57sub,[][]correlation[][]=[][]
corARMA[][]([][]form[][]=[][]~[][]1[][]|[][]id,[][]p[][]=[][]2[][],[][]q[][]=[]
[]0[][]),[][]method[][]=[][]"ML"[][])[][] 
 []


Overfull \hbox (206.31404pt too wide) in paragraph at lines 872--872
[][]\OT1/cmtt/m/n/10.95 m6b[] []<-[] []gls[][](modvigmin[][]~[][]as.factor[][](
dow)[][]+[][]as.factor[][](rep),[][]data[][]=meas57sub,[][]correlation[][]=[][]
corARMA[][]([][]form[][]=[][]~[][]1[][]|[][]id,[][]p[][]=[][]2[][],[][]q[][]=[]
[]1[][]),[][]method[][]=[][]"ML"[][])[][] 
 []


Overfull \hbox (160.32454pt too wide) in paragraph at lines 873--873
[][]\OT1/cmtt/m/n/10.95 m7b[] []<-[] []gls[][](modvigmin[][]~[][]as.factor[][](
dow)[][]+[][]as.factor[][](rep),[][]data[][]=meas57sub,[][]correlation[][]=[][]
corSymm[][]([][]form[][]=[][]~[][]1[][]|[][]id),[][]method[][]=[][]"ML"[][])[][
] 
 []


Overfull \hbox (338.53386pt too wide) in paragraph at lines 874--874
[][]\OT1/cmtt/m/n/10.95 m8b[] []<-[] []gls[][](modvigmin[][]~[][]as.factor[][](
dow)[][]+[][]as.factor[][](rep),[][]data[][]=meas57,[][]correlation[][]=[][]cor
Symm[][]([][]form[][]=[][]~[][]1[][]|[][]id),[][]weight[] []=[] []varIdent[][](
[][]form[] []=[] []~[] []1[][]|[][]rep),[][]method[][]=[][]"ML"[][])[][] 
 []

[22]
Package color Info: Redefining color shadecolor on input line 953.
 [23]
Overfull \hbox (183.31929pt too wide) in paragraph at lines 957--957
[][]\OT1/cmtt/m/n/10.95 m1c[] []<-[] []gls[][](modvigmin[][]~[][]as.factor[][](
dow)[][]+[][]as.factor[][](rep),[][]data[][]=meas67sub,[][]correlation[][]=[][]
corCompSymm[][]([][]form[][]=[][]~[][]1[][]|[][]id),[][]method[][]=[][]"ML"[][]
)[][] 
 []


Overfull \hbox (154.57585pt too wide) in paragraph at lines 958--958
[][]\OT1/cmtt/m/n/10.95 m2c[] []<-[] []gls[][](modvigmin[][]~[][]as.factor[][](
dow)[][]+[][]as.factor[][](rep),[][]data[][]=meas67sub,[][]correlation[][]=[][]
corAR1[][]([][]form[][]=[][]~[][]1[][]|[][]id),[][]method[][]=[][]"ML"[][])[][]
 
 []


Overfull \hbox (206.31404pt too wide) in paragraph at lines 959--959
[][]\OT1/cmtt/m/n/10.95 m3c[] []<-[] []gls[][](modvigmin[][]~[][]as.factor[][](
dow)[][]+[][]as.factor[][](rep),[][]data[][]=meas67sub,[][]correlation[][]=[][]
corARMA[][]([][]form[][]=[][]~[][]1[][]|[][]id,[][]p[][]=[][]1[][],[][]q[][]=[]
[]1[][]),[][]method[][]=[][]"ML"[][])[][] 
 []


Overfull \hbox (206.31404pt too wide) in paragraph at lines 960--960
[][]\OT1/cmtt/m/n/10.95 m4c[] []<-[] []gls[][](modvigmin[][]~[][]as.factor[][](
dow)[][]+[][]as.factor[][](rep),[][]data[][]=meas67sub,[][]correlation[][]=[][]
corARMA[][]([][]form[][]=[][]~[][]1[][]|[][]id,[][]p[][]=[][]2[][],[][]q[][]=[]
[]0[][]),[][]method[][]=[][]"ML"[][])[][] 
 []


Overfull \hbox (206.31404pt too wide) in paragraph at lines 961--961
[][]\OT1/cmtt/m/n/10.95 m6c[] []<-[] []gls[][](modvigmin[][]~[][]as.factor[][](
dow)[][]+[][]as.factor[][](rep),[][]data[][]=meas67sub,[][]correlation[][]=[][]
corARMA[][]([][]form[][]=[][]~[][]1[][]|[][]id,[][]p[][]=[][]2[][],[][]q[][]=[]
[]1[][]),[][]method[][]=[][]"ML"[][])[][] 
 []


Overfull \hbox (160.32454pt too wide) in paragraph at lines 962--962
[][]\OT1/cmtt/m/n/10.95 m7c[] []<-[] []gls[][](modvigmin[][]~[][]as.factor[][](
dow)[][]+[][]as.factor[][](rep),[][]data[][]=meas67sub,[][]correlation[][]=[][]
corSymm[][]([][]form[][]=[][]~[][]1[][]|[][]id),[][]method[][]=[][]"ML"[][])[][
] 
 []


Overfull \hbox (355.77992pt too wide) in paragraph at lines 963--963
[][]\OT1/cmtt/m/n/10.95 m8c[] []<-[] []gls[][](modvigmin[][]~[][]as.factor[][](
dow)[][]+[][]as.factor[][](rep),[][]data[][]=meas67sub,[][]correlation[][]=[][]
corSymm[][]([][]form[][]=[][]~[][]1[][]|[][]id),[][]weight[] []=[] []varIdent[]
[]([][]form[] []=[] []~[] []1[][]|[][]rep),[][]method[][]=[][]"ML"[][])[][] 
 []

[24]
Package color Info: Redefining color shadecolor on input line 1042.

Overfull \hbox (378.77467pt too wide) in paragraph at lines 1044--1044
[][]\OT1/cmtt/m/n/10.95 lme1[] []<-[] []lme[][](modvigmin[][]~[][]as.factor[][]
(dow)[][]+[][]as.factor[][](rep),[][]random[][]=[][]~[][]1[][]|[][]id,[][]data[
][]=meas7,[][]correlation[][]=[][]corSymm[][]([][]form[][]=[][]~[][]1[][]|[][]i
d),[][]method[][]=[][]"ML"[][],[][]control[][]=[][]list[][]([][]msMaxIter[][]=[
][]100[][]))[][] 
 []

Package color Info: Redefining color shadecolor on input line 1050.
[25] [26]
Underfull \vbox (badness 10000) detected at line 1237
 []


Underfull \vbox (badness 10000) detected at line 1237
 []

[27] [28]
Underfull \vbox (badness 10000) detected at line 1237
 []


Underfull \vbox (badness 10000) detected at line 1237
 []

[29]
Underfull \vbox (badness 10000) detected at line 1237
 []


Underfull \vbox (badness 10000) detected at line 1237
 []

[30]
Package color Info: Redefining color shadecolor on input line 1242.

Overfull \hbox (263.80092pt too wide) in paragraph at lines 1245--1245
[][]\OT1/cmtt/m/n/10.95 eht[] []<-[] []meas7[] []%>%[] []group_by[][](id)[] []%
>%[] []summarise[][]([][]e1[][]=error[[][]1[][]],[][]e2[][]=error[[][]2[][]],[]
[]e3[][]=error[[][]3[][]],[][]e4[][]=error[[][]4[][]],[][]e5[][]=error[[][]5[][
]],[][]e6[][]=error[[][]6[][]],[][]e7[][]=error[[][]7[][]])[][] 
 []

[31] [32]
Package color Info: Redefining color shadecolor on input line 1302.
 <figure/plots1-1.pdf, id=160, 505.89pt x 505.89pt>
File: figure/plots1-1.pdf Graphic file (type pdf)

<use figure/plots1-1.pdf>
Package pdftex.def Info: figure/plots1-1.pdf used on input line 1340.
(pdftex.def)             Requested size: 472.03111pt x 472.03983pt.
Package color Info: Redefining color shadecolor on input line 1345.
 [33]
Underfull \vbox (badness 10000) detected at line 1382
 []

[34 <./figure/plots1-1.pdf>]
<figure/plots2-1.pdf, id=177, 505.89pt x 505.89pt>
File: figure/plots2-1.pdf Graphic file (type pdf)
 <use figure/plots2-1.pdf>
Package pdftex.def Info: figure/plots2-1.pdf used on input line 1383.
(pdftex.def)             Requested size: 472.03111pt x 472.03983pt.
Package color Info: Redefining color shadecolor on input line 1388.

[35]
Overfull \hbox (62.59685pt too wide) in paragraph at lines 1404--1404
[][]\OT1/cmtt/m/n/10.95 minweartime[] []<-[] [](meas7[] []%>%[] []group_by[][](
id)[] []%>%[] []summarise[][]([][]minimum[][]=[][]min[][](wearmin),[][]avg[][]=
[][]mean[][](wearmin)))[][] 
 []


Overfull \hbox (74.09422pt too wide) in paragraph at lines 1431--1431
[][]\OT1/cmtt/m/n/10.95 minweartime5[] []<-[] [](meas57[] []%>%[] []group_by[][
](id)[] []%>%[] []summarise[][]([][]minimum[][]=[][]min[][](wearmin),[][]avg[][
]=[][]mean[][](wearmin)))[][] 
 []

[36 <./figure/plots2-1.pdf>]
Package color Info: Redefining color shadecolor on input line 1462.
 [37]
Overfull \hbox (263.80092pt too wide) in paragraph at lines 1464--1464
[][]\OT1/cmtt/m/n/10.95 wpall[] []<-[] []nhanes[] []%>%[] []group_by[][](id)[] 
 []%>%[] []summarise[][]([][]m[][]=[][]mean[][](modvigmin),[][]s[][]=[][]sd[][]
(modvigmin),[][]ml[][]=[][]mean[][]([][]log[][](modvigmin)),[][]sl[][]=[][]sd[]
[]([][]log[][](modvigmin)))[][] 
 []

<figure/wp-1.pdf, id=199, 289.08pt x 216.81pt>
File: figure/wp-1.pdf Graphic file (type pdf)
 <use figure/wp-1.pdf>
Package pdftex.def Info: figure/wp-1.pdf used on input line 1472.
(pdftex.def)             Requested size: 289.07928pt x 216.81938pt.

<figure/wp-2.pdf, id=200, 289.08pt x 216.81pt>
File: figure/wp-2.pdf Graphic file (type pdf)
 <use figure/wp-2.pdf>
Package pdftex.def Info: figure/wp-2.pdf used on input line 1481.
(pdftex.def)             Requested size: 289.07928pt x 216.81938pt.
Package color Info: Redefining color shadecolor on input line 1486.
 [38 <./figure/wp-1.pdf> <./figure/wp-2.pdf>]
Overfull \hbox (28.10472pt too wide) in paragraph at lines 1501--1501
[][]\OT1/cmtt/m/n/10.95 nhanes[] []%>%[] []group_by[][](sex)[] []%>%[] []summar
ise[][]([][]mean[][](wearmin),[][]sd[][](wearmin)[][]/[][]sqrt[][]([][]length[]
[](wearmin)))[][] 
 []

Missing character: There is no × in font cmtt10!

Overfull \hbox (33.85341pt too wide) in paragraph at lines 1511--1511
[][]\OT1/cmtt/m/n/10.95 nhanes[] []%>%[] []group_by[][](race)[] []%>%[] []summa
rise[][]([][]mean[][](wearmin),[][]sd[][](wearmin)[][]/[][]sqrt[][]([][]length[
][](wearmin)))[][] 
 []

Missing character: There is no × in font cmtt10!

Overfull \hbox (56.84816pt too wide) in paragraph at lines 1524--1524
[][]\OT1/cmtt/m/n/10.95 nhanes[] []%>%[] []group_by[][](bmigroup)[] []%>%[] []s
ummarise[][]([][]mean[][](wearmin),[][]sd[][](wearmin)[][]/[][]sqrt[][]([][]len
gth[][](wearmin)))[][] 
 []

Missing character: There is no × in font cmtt10!

Overfull \hbox (56.84816pt too wide) in paragraph at lines 1537--1537
[][]\OT1/cmtt/m/n/10.95 nhanes[] []%>%[] []group_by[][](agegroup)[] []%>%[] []s
ummarise[][]([][]mean[][](wearmin),[][]sd[][](wearmin)[][]/[][]sqrt[][]([][]len
gth[][](wearmin)))[][] 
 []

Missing character: There is no × in font cmtt10!

Overfull \hbox (116.23608pt too wide) in paragraph at lines 1551--1551
[][]\OT1/cmtt/m/it/10.95 #nhanes %>% group_by(sex,race,bmigroup) %>% summarise(
mean(wearmin),sd(wearmin)/sqrt(length(wearmin)))[][] 
 []

[39] <figure/wp2-1.pdf, id=225, 289.08pt x 216.81pt>
File: figure/wp2-1.pdf Graphic file (type pdf)
 <use figure/wp2-1.pdf>
Package pdftex.def Info: figure/wp2-1.pdf used on input line 1557.
(pdftex.def)             Requested size: 289.07928pt x 216.81938pt.

[40] <figure/wp2-2.pdf, id=230, 289.08pt x 216.81pt>
File: figure/wp2-2.pdf Graphic file (type pdf)
 <use figure/wp2-2.pdf>
Package pdftex.def Info: figure/wp2-2.pdf used on input line 1562.
(pdftex.def)             Requested size: 289.07928pt x 216.81938pt.


AED: lastpage setting LastPage
[41 <./figure/wp2-1.pdf> <./figure/wp2-2.pdf>]
Package atveryend Info: Empty hook `BeforeClearDocument' on input line 1568.
Package atveryend Info: Empty hook `AfterLastShipout' on input line 1568.
 (exploratory.aux)
Package atveryend Info: Executing hook `AtVeryEndDocument' on input line 1568.
Package atveryend Info: Executing hook `AtEndAfterFileList' on input line 1568.

Package rerunfilecheck Info: File `exploratory.out' has not changed.
(rerunfilecheck)             Checksum: D41D8CD98F00B204E9800998ECF8427E;0.
Package atveryend Info: Empty hook `AtVeryVeryEnd' on input line 1568.
 ) 
Here is how much of TeX's memory you used:
 8164 strings out of 493334
 122321 string characters out of 3139180
 251792 words of memory out of 3000000
 11554 multiletter control sequences out of 15000+200000
 4533 words of font info for 18 fonts, out of 3000000 for 9000
 1141 hyphenation exceptions out of 8191
 36i,11n,43p,615b,376s stack positions out of 5000i,500n,10000p,200000b,50000s
<C:/Program Files/MiKTeX 2.9/fonts/type1/public/amsfonts/cm/cmitt10.pfb><C:/P
rogram Files/MiKTeX 2.9/fonts/type1/public/amsfonts/cm/cmr10.pfb><C:/Program Fi
les/MiKTeX 2.9/fonts/type1/public/amsfonts/cm/cmsy10.pfb><C:/Program Files/MiKT
eX 2.9/fonts/type1/public/amsfonts/cm/cmtt10.pfb>
Output written on exploratory.pdf (41 pages, 21369495 bytes).
PDF statistics:
 272 PDF objects out of 1000 (max. 8388607)
 42 named destinations out of 1000 (max. 500000)
 46 words of extra memory for PDF output out of 10000 (max. 10000000)

